<?xml version="1.0" encoding="UTF-8"?>
<!-- Generated by org.testng.reporters.JUnitXMLReporter -->
<testsuite ignored="0" hostname="DESKTOP-DVJLA93" failures="0" tests="8" name="Default test" time="48.871" errors="0" timestamp="2024-04-06T13:42:40 IST">
  <testcase classname="org.ictkerala.test_learnertracker.TestClass2_Learnerr" name="TC1" time="7.057"/>
  <testcase classname="org.ictkerala.test_learnertracker.TestClass2_Learnerr" name="TC2" time="1.265"/>
  <testcase classname="org.ictkerala.test_learnertracker.TestClass2_Learnerr" name="TC3" time="0.1"/>
  <testcase classname="org.ictkerala.test_learnertracker.TestClass2_Learnerr" name="TC4" time="6.581"/>
  <testcase classname="org.ictkerala.test_learnertracker.TestClass2_Learnerr" name="TC5" time="0.093"/>
  <testcase classname="org.ictkerala.test_learnertracker.TestClass2_Learnerr" name="TC6" time="5.924"/>
  <testcase classname="org.ictkerala.test_learnertracker.TestClass2_Learnerr" name="TC7" time="0.35"/>
  <testcase classname="org.ictkerala.test_learnertracker.TestClass2_Learnerr" name="TC8" time="3.375"/>
</testsuite> <!-- Default test -->
