<?xml version="1.0" encoding="UTF-8"?>
<testng-results ignored="0" total="40" passed="40" failed="0" skipped="0">
  <reporter-output>
  </reporter-output>
  <suite started-at="2024-04-06T14:30:41 IST" name="Suite" finished-at="2024-04-06T14:32:33 IST" duration-ms="111599">
    <groups>
    </groups>
    <test started-at="2024-04-06T14:30:41 IST" name="Test" finished-at="2024-04-06T14:32:33 IST" duration-ms="111599">
      <class name="org.ictkerala.test_learnertracker.TestClass_Learner">
        <test-method is-config="true" signature="setup()[pri:0, instance:org.ictkerala.test_learnertracker.TestClass_Learner@45099dd3]" started-at="2024-04-06T14:30:41 IST" name="setup" finished-at="2024-04-06T14:31:11 IST" duration-ms="29881" status="PASS">
          <reporter-output>
          </reporter-output>
        </test-method> <!-- setup -->
        <test-method signature="opensite()[pri:1, instance:org.ictkerala.test_learnertracker.TestClass_Learner@45099dd3]" started-at="2024-04-06T14:31:11 IST" name="opensite" finished-at="2024-04-06T14:31:11 IST" duration-ms="56" status="PASS">
          <reporter-output>
          </reporter-output>
        </test-method> <!-- opensite -->
        <test-method signature="TC2()[pri:2, instance:org.ictkerala.test_learnertracker.TestClass_Learner@45099dd3]" started-at="2024-04-06T14:31:11 IST" name="TC2" finished-at="2024-04-06T14:31:17 IST" duration-ms="5709" status="PASS">
          <reporter-output>
          </reporter-output>
        </test-method> <!-- TC2 -->
        <test-method signature="TC3()[pri:3, instance:org.ictkerala.test_learnertracker.TestClass_Learner@45099dd3]" started-at="2024-04-06T14:31:17 IST" name="TC3" finished-at="2024-04-06T14:31:18 IST" duration-ms="846" status="PASS">
          <reporter-output>
          </reporter-output>
        </test-method> <!-- TC3 -->
        <test-method signature="TC4()[pri:4, instance:org.ictkerala.test_learnertracker.TestClass_Learner@45099dd3]" started-at="2024-04-06T14:31:18 IST" name="TC4" finished-at="2024-04-06T14:31:18 IST" duration-ms="696" status="PASS">
          <reporter-output>
          </reporter-output>
        </test-method> <!-- TC4 -->
        <test-method signature="TC5()[pri:5, instance:org.ictkerala.test_learnertracker.TestClass_Learner@45099dd3]" started-at="2024-04-06T14:31:18 IST" name="TC5" finished-at="2024-04-06T14:31:20 IST" duration-ms="1620" status="PASS">
          <reporter-output>
          </reporter-output>
        </test-method> <!-- TC5 -->
        <test-method signature="TC6()[pri:6, instance:org.ictkerala.test_learnertracker.TestClass_Learner@45099dd3]" started-at="2024-04-06T14:31:20 IST" name="TC6" finished-at="2024-04-06T14:31:21 IST" duration-ms="666" status="PASS">
          <reporter-output>
          </reporter-output>
        </test-method> <!-- TC6 -->
        <test-method signature="TC7()[pri:7, instance:org.ictkerala.test_learnertracker.TestClass_Learner@45099dd3]" started-at="2024-04-06T14:31:21 IST" name="TC7" finished-at="2024-04-06T14:31:21 IST" duration-ms="332" status="PASS">
          <reporter-output>
          </reporter-output>
        </test-method> <!-- TC7 -->
        <test-method signature="TC8()[pri:8, instance:org.ictkerala.test_learnertracker.TestClass_Learner@45099dd3]" started-at="2024-04-06T14:31:21 IST" name="TC8" finished-at="2024-04-06T14:31:22 IST" duration-ms="419" status="PASS">
          <reporter-output>
          </reporter-output>
        </test-method> <!-- TC8 -->
        <test-method signature="TC9()[pri:9, instance:org.ictkerala.test_learnertracker.TestClass_Learner@45099dd3]" started-at="2024-04-06T14:31:22 IST" name="TC9" finished-at="2024-04-06T14:31:22 IST" duration-ms="191" status="PASS">
          <reporter-output>
          </reporter-output>
        </test-method> <!-- TC9 -->
        <test-method signature="TC10()[pri:10, instance:org.ictkerala.test_learnertracker.TestClass_Learner@45099dd3]" started-at="2024-04-06T14:31:22 IST" name="TC10" finished-at="2024-04-06T14:31:22 IST" duration-ms="320" status="PASS">
          <reporter-output>
          </reporter-output>
        </test-method> <!-- TC10 -->
        <test-method signature="TC11()[pri:11, instance:org.ictkerala.test_learnertracker.TestClass_Learner@45099dd3]" started-at="2024-04-06T14:31:22 IST" name="TC11" finished-at="2024-04-06T14:31:23 IST" duration-ms="567" status="PASS">
          <reporter-output>
          </reporter-output>
        </test-method> <!-- TC11 -->
        <test-method signature="TC12()[pri:12, instance:org.ictkerala.test_learnertracker.TestClass_Learner@45099dd3]" started-at="2024-04-06T14:31:23 IST" name="TC12" finished-at="2024-04-06T14:31:23 IST" duration-ms="171" status="PASS">
          <reporter-output>
          </reporter-output>
        </test-method> <!-- TC12 -->
        <test-method signature="TC13()[pri:13, instance:org.ictkerala.test_learnertracker.TestClass_Learner@45099dd3]" started-at="2024-04-06T14:31:23 IST" name="TC13" finished-at="2024-04-06T14:31:23 IST" duration-ms="133" status="PASS">
          <reporter-output>
          </reporter-output>
        </test-method> <!-- TC13 -->
        <test-method signature="TC14()[pri:14, instance:org.ictkerala.test_learnertracker.TestClass_Learner@45099dd3]" started-at="2024-04-06T14:31:23 IST" name="TC14" finished-at="2024-04-06T14:31:23 IST" duration-ms="518" status="PASS">
          <reporter-output>
          </reporter-output>
        </test-method> <!-- TC14 -->
        <test-method signature="TC15()[pri:15, instance:org.ictkerala.test_learnertracker.TestClass_Learner@45099dd3]" started-at="2024-04-06T14:31:24 IST" name="TC15" finished-at="2024-04-06T14:31:24 IST" duration-ms="135" status="PASS">
          <reporter-output>
          </reporter-output>
        </test-method> <!-- TC15 -->
        <test-method signature="TC16()[pri:16, instance:org.ictkerala.test_learnertracker.TestClass_Learner@45099dd3]" started-at="2024-04-06T14:31:24 IST" name="TC16" finished-at="2024-04-06T14:31:24 IST" duration-ms="241" status="PASS">
          <reporter-output>
          </reporter-output>
        </test-method> <!-- TC16 -->
        <test-method signature="TC17()[pri:17, instance:org.ictkerala.test_learnertracker.TestClass_Learner@45099dd3]" started-at="2024-04-06T14:31:24 IST" name="TC17" finished-at="2024-04-06T14:31:24 IST" duration-ms="165" status="PASS">
          <reporter-output>
          </reporter-output>
        </test-method> <!-- TC17 -->
        <test-method signature="TC18()[pri:18, instance:org.ictkerala.test_learnertracker.TestClass_Learner@45099dd3]" started-at="2024-04-06T14:31:24 IST" name="TC18" finished-at="2024-04-06T14:31:24 IST" duration-ms="318" status="PASS">
          <reporter-output>
          </reporter-output>
        </test-method> <!-- TC18 -->
        <test-method signature="TC19()[pri:19, instance:org.ictkerala.test_learnertracker.TestClass_Learner@45099dd3]" started-at="2024-04-06T14:31:24 IST" name="TC19" finished-at="2024-04-06T14:31:25 IST" duration-ms="154" status="PASS">
          <reporter-output>
          </reporter-output>
        </test-method> <!-- TC19 -->
        <test-method signature="TC20()[pri:20, instance:org.ictkerala.test_learnertracker.TestClass_Learner@45099dd3]" started-at="2024-04-06T14:31:25 IST" name="TC20" finished-at="2024-04-06T14:31:25 IST" duration-ms="254" status="PASS">
          <reporter-output>
          </reporter-output>
        </test-method> <!-- TC20 -->
        <test-method signature="TC21()[pri:21, instance:org.ictkerala.test_learnertracker.TestClass_Learner@45099dd3]" started-at="2024-04-06T14:31:25 IST" name="TC21" finished-at="2024-04-06T14:31:27 IST" duration-ms="1732" status="PASS">
          <reporter-output>
          </reporter-output>
        </test-method> <!-- TC21 -->
        <test-method signature="TC22()[pri:22, instance:org.ictkerala.test_learnertracker.TestClass_Learner@45099dd3]" started-at="2024-04-06T14:31:27 IST" name="TC22" finished-at="2024-04-06T14:31:27 IST" duration-ms="154" status="PASS">
          <reporter-output>
          </reporter-output>
        </test-method> <!-- TC22 -->
        <test-method signature="TC23()[pri:23, instance:org.ictkerala.test_learnertracker.TestClass_Learner@45099dd3]" started-at="2024-04-06T14:31:27 IST" name="TC23" finished-at="2024-04-06T14:31:28 IST" duration-ms="1672" status="PASS">
          <reporter-output>
          </reporter-output>
        </test-method> <!-- TC23 -->
        <test-method signature="TC24()[pri:24, instance:org.ictkerala.test_learnertracker.TestClass_Learner@45099dd3]" started-at="2024-04-06T14:31:28 IST" name="TC24" finished-at="2024-04-06T14:31:29 IST" duration-ms="269" status="PASS">
          <reporter-output>
          </reporter-output>
        </test-method> <!-- TC24 -->
        <test-method signature="TC25()[pri:25, instance:org.ictkerala.test_learnertracker.TestClass_Learner@45099dd3]" started-at="2024-04-06T14:31:29 IST" name="TC25" finished-at="2024-04-06T14:31:30 IST" duration-ms="1550" status="PASS">
          <reporter-output>
          </reporter-output>
        </test-method> <!-- TC25 -->
        <test-method signature="TC26()[pri:26, instance:org.ictkerala.test_learnertracker.TestClass_Learner@45099dd3]" started-at="2024-04-06T14:31:30 IST" name="TC26" finished-at="2024-04-06T14:31:36 IST" duration-ms="5678" status="PASS">
          <reporter-output>
          </reporter-output>
        </test-method> <!-- TC26 -->
        <test-method signature="TC27()[pri:27, instance:org.ictkerala.test_learnertracker.TestClass_Learner@45099dd3]" started-at="2024-04-06T14:31:36 IST" name="TC27" finished-at="2024-04-06T14:31:36 IST" duration-ms="139" status="PASS">
          <reporter-output>
          </reporter-output>
        </test-method> <!-- TC27 -->
        <test-method signature="TC28()[pri:28, instance:org.ictkerala.test_learnertracker.TestClass_Learner@45099dd3]" started-at="2024-04-06T14:31:36 IST" name="TC28" finished-at="2024-04-06T14:31:43 IST" duration-ms="7277" status="PASS">
          <reporter-output>
          </reporter-output>
        </test-method> <!-- TC28 -->
        <test-method signature="TC29()[pri:29, instance:org.ictkerala.test_learnertracker.TestClass_Learner@45099dd3]" started-at="2024-04-06T14:31:43 IST" name="TC29" finished-at="2024-04-06T14:31:45 IST" duration-ms="1534" status="PASS">
          <reporter-output>
          </reporter-output>
        </test-method> <!-- TC29 -->
        <test-method signature="TC30()[pri:30, instance:org.ictkerala.test_learnertracker.TestClass_Learner@45099dd3]" started-at="2024-04-06T14:31:45 IST" name="TC30" finished-at="2024-04-06T14:31:52 IST" duration-ms="7544" status="PASS">
          <reporter-output>
          </reporter-output>
        </test-method> <!-- TC30 -->
        <test-method signature="TC31()[pri:31, instance:org.ictkerala.test_learnertracker.TestClass_Learner@45099dd3]" started-at="2024-04-06T14:31:52 IST" name="TC31" finished-at="2024-04-06T14:31:53 IST" duration-ms="215" status="PASS">
          <reporter-output>
          </reporter-output>
        </test-method> <!-- TC31 -->
        <test-method signature="TC32()[pri:32, instance:org.ictkerala.test_learnertracker.TestClass_Learner@45099dd3]" started-at="2024-04-06T14:31:53 IST" name="TC32" finished-at="2024-04-06T14:31:53 IST" duration-ms="198" status="PASS">
          <reporter-output>
          </reporter-output>
        </test-method> <!-- TC32 -->
        <test-method is-config="true" signature="TearDown()[pri:0, instance:org.ictkerala.test_learnertracker.TestClass_Learner@45099dd3]" started-at="2024-04-06T14:31:53 IST" name="TearDown" finished-at="2024-04-06T14:31:53 IST" duration-ms="1" status="PASS">
          <reporter-output>
          </reporter-output>
        </test-method> <!-- TearDown -->
      </class> <!-- org.ictkerala.test_learnertracker.TestClass_Learner -->
      <class name="org.ictkerala.test_learnertracker.TestClass2_Learnerr">
        <test-method is-config="true" signature="setup()[pri:0, instance:org.ictkerala.test_learnertracker.TestClass2_Learnerr@368247b9]" started-at="2024-04-06T14:31:53 IST" name="setup" finished-at="2024-04-06T14:32:05 IST" duration-ms="12494" status="PASS">
          <reporter-output>
          </reporter-output>
        </test-method> <!-- setup -->
        <test-method signature="TC1()[pri:1, instance:org.ictkerala.test_learnertracker.TestClass2_Learnerr@368247b9]" started-at="2024-04-06T14:32:05 IST" name="TC1" finished-at="2024-04-06T14:32:08 IST" duration-ms="2564" status="PASS">
          <reporter-output>
          </reporter-output>
        </test-method> <!-- TC1 -->
        <test-method signature="TC2()[pri:2, instance:org.ictkerala.test_learnertracker.TestClass2_Learnerr@368247b9]" started-at="2024-04-06T14:32:08 IST" name="TC2" finished-at="2024-04-06T14:32:11 IST" duration-ms="3174" status="PASS">
          <reporter-output>
          </reporter-output>
        </test-method> <!-- TC2 -->
        <test-method signature="TC3()[pri:3, instance:org.ictkerala.test_learnertracker.TestClass2_Learnerr@368247b9]" started-at="2024-04-06T14:32:11 IST" name="TC3" finished-at="2024-04-06T14:32:11 IST" duration-ms="99" status="PASS">
          <reporter-output>
          </reporter-output>
        </test-method> <!-- TC3 -->
        <test-method signature="TC4()[pri:4, instance:org.ictkerala.test_learnertracker.TestClass2_Learnerr@368247b9]" started-at="2024-04-06T14:32:11 IST" name="TC4" finished-at="2024-04-06T14:32:19 IST" duration-ms="7913" status="PASS">
          <reporter-output>
          </reporter-output>
        </test-method> <!-- TC4 -->
        <test-method signature="TC5()[pri:5, instance:org.ictkerala.test_learnertracker.TestClass2_Learnerr@368247b9]" started-at="2024-04-06T14:32:19 IST" name="TC5" finished-at="2024-04-06T14:32:19 IST" duration-ms="78" status="PASS">
          <reporter-output>
          </reporter-output>
        </test-method> <!-- TC5 -->
        <test-method signature="TC6()[pri:6, instance:org.ictkerala.test_learnertracker.TestClass2_Learnerr@368247b9]" started-at="2024-04-06T14:32:19 IST" name="TC6" finished-at="2024-04-06T14:32:31 IST" duration-ms="11438" status="PASS">
          <reporter-output>
          </reporter-output>
        </test-method> <!-- TC6 -->
        <test-method signature="TC7()[pri:7, instance:org.ictkerala.test_learnertracker.TestClass2_Learnerr@368247b9]" started-at="2024-04-06T14:32:31 IST" name="TC7" finished-at="2024-04-06T14:32:31 IST" duration-ms="268" status="PASS">
          <reporter-output>
          </reporter-output>
        </test-method> <!-- TC7 -->
        <test-method signature="TC8()[pri:8, instance:org.ictkerala.test_learnertracker.TestClass2_Learnerr@368247b9]" started-at="2024-04-06T14:32:31 IST" name="TC8" finished-at="2024-04-06T14:32:33 IST" duration-ms="1856" status="PASS">
          <reporter-output>
          </reporter-output>
        </test-method> <!-- TC8 -->
        <test-method is-config="true" signature="TearDown()[pri:0, instance:org.ictkerala.test_learnertracker.TestClass2_Learnerr@368247b9]" started-at="2024-04-06T14:32:33 IST" name="TearDown" finished-at="2024-04-06T14:32:33 IST" duration-ms="2" status="PASS">
          <reporter-output>
          </reporter-output>
        </test-method> <!-- TearDown -->
      </class> <!-- org.ictkerala.test_learnertracker.TestClass2_Learnerr -->
    </test> <!-- Test -->
  </suite> <!-- Suite -->
</testng-results>
